mode: atomic
github.com/Shodocan/UserService/internal/domain/entity/user.go:18.45,20.19 2 8
github.com/Shodocan/UserService/internal/domain/entity/user.go:23.2,23.18 1 8
github.com/Shodocan/UserService/internal/domain/entity/user.go:26.2,26.34 1 8
github.com/Shodocan/UserService/internal/domain/entity/user.go:29.2,29.31 1 8
github.com/Shodocan/UserService/internal/domain/entity/user.go:32.2,32.12 1 3
github.com/Shodocan/UserService/internal/domain/entity/user.go:20.19,22.3 1 2
github.com/Shodocan/UserService/internal/domain/entity/user.go:23.18,25.3 1 2
github.com/Shodocan/UserService/internal/domain/entity/user.go:26.34,28.3 1 1
github.com/Shodocan/UserService/internal/domain/entity/user.go:29.31,31.3 1 5
github.com/Shodocan/UserService/internal/domain/entity/user.go:51.34,52.17 1 9
github.com/Shodocan/UserService/internal/domain/entity/user.go:59.2,59.20 1 7
github.com/Shodocan/UserService/internal/domain/entity/user.go:66.2,66.13 1 5
github.com/Shodocan/UserService/internal/domain/entity/user.go:53.33,54.8 1 7
github.com/Shodocan/UserService/internal/domain/entity/user.go:55.10,56.15 1 2
github.com/Shodocan/UserService/internal/domain/entity/user.go:60.19,61.8 1 5
github.com/Shodocan/UserService/internal/domain/entity/user.go:62.10,63.15 1 2
github.com/Shodocan/UserService/internal/database/redis/redis.go:24.88,26.16 2 4
github.com/Shodocan/UserService/internal/database/redis/redis.go:30.2,31.16 2 4
github.com/Shodocan/UserService/internal/database/redis/redis.go:35.2,43.16 3 4
github.com/Shodocan/UserService/internal/database/redis/redis.go:26.16,29.3 2 0
github.com/Shodocan/UserService/internal/database/redis/redis.go:31.16,34.3 2 0
github.com/Shodocan/UserService/internal/database/redis/redis.go:46.28,49.16 3 4
github.com/Shodocan/UserService/internal/database/redis/redis.go:53.2,62.12 4 4
github.com/Shodocan/UserService/internal/database/redis/redis.go:49.16,52.3 2 0
github.com/Shodocan/UserService/internal/database/redis/redis.go:65.34,67.2 1 4
github.com/Shodocan/UserService/internal/database/redis/redis.go:69.28,71.2 1 1
github.com/Shodocan/UserService/internal/database/redis/redis.go:73.66,78.2 4 2
github.com/Shodocan/UserService/internal/database/redis/redis.go:80.55,82.16 2 1
github.com/Shodocan/UserService/internal/database/redis/redis.go:85.2,85.48 1 1
github.com/Shodocan/UserService/internal/database/redis/redis.go:82.16,84.3 1 0
github.com/Shodocan/UserService/internal/database/redis/redis.go:88.41,91.2 2 2
github.com/Shodocan/UserService/internal/web/requests/user.go:22.45,24.24 2 8
github.com/Shodocan/UserService/internal/web/requests/user.go:31.2,31.18 1 8
github.com/Shodocan/UserService/internal/web/requests/user.go:34.2,34.17 1 8
github.com/Shodocan/UserService/internal/web/requests/user.go:37.2,37.31 1 8
github.com/Shodocan/UserService/internal/web/requests/user.go:40.2,40.12 1 4
github.com/Shodocan/UserService/internal/web/requests/user.go:24.24,25.36 1 4
github.com/Shodocan/UserService/internal/web/requests/user.go:25.36,26.23 1 4
github.com/Shodocan/UserService/internal/web/requests/user.go:26.23,28.5 1 2
github.com/Shodocan/UserService/internal/web/requests/user.go:31.18,33.3 1 1
github.com/Shodocan/UserService/internal/web/requests/user.go:34.17,36.3 1 2
github.com/Shodocan/UserService/internal/web/requests/user.go:37.31,39.3 1 4
github.com/Shodocan/UserService/internal/domain/usecase/user.go:22.13,24.2 1 14
github.com/Shodocan/UserService/internal/domain/usecase/user.go:26.134,28.16 2 2
github.com/Shodocan/UserService/internal/domain/usecase/user.go:33.2,33.22 1 1
github.com/Shodocan/UserService/internal/domain/usecase/user.go:37.2,37.28 1 1
github.com/Shodocan/UserService/internal/domain/usecase/user.go:28.16,31.3 2 1
github.com/Shodocan/UserService/internal/domain/usecase/user.go:33.22,35.3 1 2
github.com/Shodocan/UserService/internal/domain/usecase/user.go:40.64,42.16 2 2
github.com/Shodocan/UserService/internal/domain/usecase/user.go:47.2,48.23 2 2
github.com/Shodocan/UserService/internal/domain/usecase/user.go:52.2,52.12 1 1
github.com/Shodocan/UserService/internal/domain/usecase/user.go:42.16,45.3 2 0
github.com/Shodocan/UserService/internal/domain/usecase/user.go:48.23,50.3 1 1
github.com/Shodocan/UserService/internal/domain/usecase/user.go:55.57,57.16 2 2
github.com/Shodocan/UserService/internal/domain/usecase/user.go:62.2,63.17 2 1
github.com/Shodocan/UserService/internal/domain/usecase/user.go:57.16,60.3 2 1
github.com/Shodocan/UserService/internal/domain/usecase/user.go:66.66,68.19 2 2
github.com/Shodocan/UserService/internal/domain/usecase/user.go:72.2,75.16 3 2
github.com/Shodocan/UserService/internal/domain/usecase/user.go:80.2,81.17 2 1
github.com/Shodocan/UserService/internal/domain/usecase/user.go:68.19,70.3 1 0
github.com/Shodocan/UserService/internal/domain/usecase/user.go:75.16,78.3 2 1
github.com/Shodocan/UserService/internal/domain/usecase/user.go:84.77,85.25 1 2
github.com/Shodocan/UserService/internal/domain/usecase/user.go:93.2,94.16 2 2
github.com/Shodocan/UserService/internal/domain/usecase/user.go:99.2,100.17 2 1
github.com/Shodocan/UserService/internal/domain/usecase/user.go:85.25,87.20 2 2
github.com/Shodocan/UserService/internal/domain/usecase/user.go:91.3,91.27 1 2
github.com/Shodocan/UserService/internal/domain/usecase/user.go:87.20,89.4 1 0
github.com/Shodocan/UserService/internal/domain/usecase/user.go:94.16,97.3 2 1
github.com/Shodocan/UserService/internal/domain/usecase/user.go:103.84,104.25 1 2
github.com/Shodocan/UserService/internal/domain/usecase/user.go:112.2,113.16 2 2
github.com/Shodocan/UserService/internal/domain/usecase/user.go:118.2,119.17 2 1
github.com/Shodocan/UserService/internal/domain/usecase/user.go:104.25,106.20 2 2
github.com/Shodocan/UserService/internal/domain/usecase/user.go:110.3,110.27 1 2
github.com/Shodocan/UserService/internal/domain/usecase/user.go:106.20,108.4 1 0
github.com/Shodocan/UserService/internal/domain/usecase/user.go:113.16,116.3 2 1
github.com/Shodocan/UserService/internal/domain/usecase/user.go:122.44,124.16 2 2
github.com/Shodocan/UserService/internal/domain/usecase/user.go:128.2,128.12 1 1
github.com/Shodocan/UserService/internal/domain/usecase/user.go:124.16,127.3 2 1
github.com/Shodocan/UserService/internal/helpers/json.go:5.37,8.2 2 1
github.com/Shodocan/UserService/internal/helpers/user-password.go:10.65,12.16 2 12
github.com/Shodocan/UserService/internal/helpers/user-password.go:19.2,19.12 1 6
github.com/Shodocan/UserService/internal/helpers/user-password.go:12.16,13.58 1 6
github.com/Shodocan/UserService/internal/helpers/user-password.go:16.3,16.37 1 0
github.com/Shodocan/UserService/internal/helpers/user-password.go:13.58,15.4 1 6
github.com/Shodocan/UserService/internal/helpers/user-password.go:22.60,24.16 2 6
github.com/Shodocan/UserService/internal/helpers/user-password.go:28.2,28.26 1 6
github.com/Shodocan/UserService/internal/helpers/user-password.go:24.16,26.3 1 0
