mode: atomic
github.com/Shodocan/UserService/internal/domain/entity/user.go:18.45,20.19 2 8
github.com/Shodocan/UserService/internal/domain/entity/user.go:23.2,23.18 1 8
github.com/Shodocan/UserService/internal/domain/entity/user.go:26.2,26.34 1 8
github.com/Shodocan/UserService/internal/domain/entity/user.go:29.2,29.31 1 8
github.com/Shodocan/UserService/internal/domain/entity/user.go:32.2,32.12 1 3
github.com/Shodocan/UserService/internal/domain/entity/user.go:20.19,22.3 1 2
github.com/Shodocan/UserService/internal/domain/entity/user.go:23.18,25.3 1 2
github.com/Shodocan/UserService/internal/domain/entity/user.go:26.34,28.3 1 1
github.com/Shodocan/UserService/internal/domain/entity/user.go:29.31,31.3 1 5
github.com/Shodocan/UserService/internal/domain/entity/user.go:51.34,52.17 1 9
github.com/Shodocan/UserService/internal/domain/entity/user.go:59.2,59.20 1 7
github.com/Shodocan/UserService/internal/domain/entity/user.go:66.2,66.13 1 5
github.com/Shodocan/UserService/internal/domain/entity/user.go:53.33,54.8 1 7
github.com/Shodocan/UserService/internal/domain/entity/user.go:55.10,56.15 1 2
github.com/Shodocan/UserService/internal/domain/entity/user.go:60.19,61.8 1 5
github.com/Shodocan/UserService/internal/domain/entity/user.go:62.10,63.15 1 2
github.com/Shodocan/UserService/internal/database/redis/redis.go:24.88,26.16 2 4
github.com/Shodocan/UserService/internal/database/redis/redis.go:30.2,31.16 2 4
github.com/Shodocan/UserService/internal/database/redis/redis.go:35.2,43.16 3 4
github.com/Shodocan/UserService/internal/database/redis/redis.go:26.16,29.3 2 0
github.com/Shodocan/UserService/internal/database/redis/redis.go:31.16,34.3 2 0
github.com/Shodocan/UserService/internal/database/redis/redis.go:46.28,49.16 3 4
github.com/Shodocan/UserService/internal/database/redis/redis.go:53.2,62.12 4 4
github.com/Shodocan/UserService/internal/database/redis/redis.go:49.16,52.3 2 0
github.com/Shodocan/UserService/internal/database/redis/redis.go:65.34,67.2 1 4
github.com/Shodocan/UserService/internal/database/redis/redis.go:69.28,71.2 1 1
github.com/Shodocan/UserService/internal/database/redis/redis.go:73.66,78.2 4 2
github.com/Shodocan/UserService/internal/database/redis/redis.go:80.55,82.16 2 1
github.com/Shodocan/UserService/internal/database/redis/redis.go:85.2,85.48 1 1
github.com/Shodocan/UserService/internal/database/redis/redis.go:82.16,84.3 1 0
github.com/Shodocan/UserService/internal/database/redis/redis.go:88.41,91.2 2 2
github.com/Shodocan/UserService/internal/web/requests/user.go:22.45,24.24 2 8
github.com/Shodocan/UserService/internal/web/requests/user.go:31.2,31.18 1 8
github.com/Shodocan/UserService/internal/web/requests/user.go:34.2,34.17 1 8
github.com/Shodocan/UserService/internal/web/requests/user.go:37.2,37.31 1 8
github.com/Shodocan/UserService/internal/web/requests/user.go:40.2,40.12 1 4
github.com/Shodocan/UserService/internal/web/requests/user.go:24.24,25.36 1 4
github.com/Shodocan/UserService/internal/web/requests/user.go:25.36,26.23 1 4
github.com/Shodocan/UserService/internal/web/requests/user.go:26.23,28.5 1 2
github.com/Shodocan/UserService/internal/web/requests/user.go:31.18,33.3 1 1
github.com/Shodocan/UserService/internal/web/requests/user.go:34.17,36.3 1 2
github.com/Shodocan/UserService/internal/web/requests/user.go:37.31,39.3 1 4
github.com/Shodocan/UserService/internal/domain/usecase/user.go:22.13,24.2 1 14
github.com/Shodocan/UserService/internal/domain/usecase/user.go:26.134,28.16 2 2
github.com/Shodocan/UserService/internal/domain/usecase/user.go:33.2,33.22 1 1
github.com/Shodocan/UserService/internal/domain/usecase/user.go:37.2,37.28 1 1
github.com/Shodocan/UserService/internal/domain/usecase/user.go:28.16,31.3 2 1
github.com/Shodocan/UserService/internal/domain/usecase/user.go:33.22,35.3 1 2
github.com/Shodocan/UserService/internal/domain/usecase/user.go:40.64,42.16 2 2
github.com/Shodocan/UserService/internal/domain/usecase/user.go:47.2,48.23 2 2
github.com/Shodocan/UserService/internal/domain/usecase/user.go:52.2,52.12 1 1
github.com/Shodocan/UserService/internal/domain/usecase/user.go:42.16,45.3 2 0
github.com/Shodocan/UserService/internal/domain/usecase/user.go:48.23,50.3 1 1
github.com/Shodocan/UserService/internal/domain/usecase/user.go:55.57,57.16 2 2
github.com/Shodocan/UserService/internal/domain/usecase/user.go:62.2,63.17 2 1
github.com/Shodocan/UserService/internal/domain/usecase/user.go:57.16,60.3 2 1
github.com/Shodocan/UserService/internal/domain/usecase/user.go:66.66,68.19 2 2
github.com/Shodocan/UserService/internal/domain/usecase/user.go:72.2,75.16 3 2
github.com/Shodocan/UserService/internal/domain/usecase/user.go:80.2,81.17 2 1
github.com/Shodocan/UserService/internal/domain/usecase/user.go:68.19,70.3 1 0
github.com/Shodocan/UserService/internal/domain/usecase/user.go:75.16,78.3 2 1
github.com/Shodocan/UserService/internal/domain/usecase/user.go:84.77,85.25 1 2
github.com/Shodocan/UserService/internal/domain/usecase/user.go:93.2,94.16 2 2
github.com/Shodocan/UserService/internal/domain/usecase/user.go:99.2,100.17 2 1
github.com/Shodocan/UserService/internal/domain/usecase/user.go:85.25,87.20 2 2
github.com/Shodocan/UserService/internal/domain/usecase/user.go:91.3,91.27 1 2
github.com/Shodocan/UserService/internal/domain/usecase/user.go:87.20,89.4 1 0
github.com/Shodocan/UserService/internal/domain/usecase/user.go:94.16,97.3 2 1
github.com/Shodocan/UserService/internal/domain/usecase/user.go:103.84,104.25 1 2
github.com/Shodocan/UserService/internal/domain/usecase/user.go:112.2,113.16 2 2
github.com/Shodocan/UserService/internal/domain/usecase/user.go:118.2,119.17 2 1
github.com/Shodocan/UserService/internal/domain/usecase/user.go:104.25,106.20 2 2
github.com/Shodocan/UserService/internal/domain/usecase/user.go:110.3,110.27 1 2
github.com/Shodocan/UserService/internal/domain/usecase/user.go:106.20,108.4 1 0
github.com/Shodocan/UserService/internal/domain/usecase/user.go:113.16,116.3 2 1
github.com/Shodocan/UserService/internal/domain/usecase/user.go:122.44,124.16 2 2
github.com/Shodocan/UserService/internal/domain/usecase/user.go:128.2,128.12 1 1
github.com/Shodocan/UserService/internal/domain/usecase/user.go:124.16,127.3 2 1
github.com/Shodocan/UserService/internal/helpers/json.go:5.37,8.2 2 1
github.com/Shodocan/UserService/internal/helpers/user-password.go:10.65,12.16 2 12
github.com/Shodocan/UserService/internal/helpers/user-password.go:19.2,19.12 1 6
github.com/Shodocan/UserService/internal/helpers/user-password.go:12.16,13.58 1 6
github.com/Shodocan/UserService/internal/helpers/user-password.go:16.3,16.37 1 0
github.com/Shodocan/UserService/internal/helpers/user-password.go:13.58,15.4 1 6
github.com/Shodocan/UserService/internal/helpers/user-password.go:22.60,24.16 2 6
github.com/Shodocan/UserService/internal/helpers/user-password.go:28.2,28.26 1 6
github.com/Shodocan/UserService/internal/helpers/user-password.go:24.16,26.3 1 0
github.com/Shodocan/UserService/internal/database/mongo/migration.go:13.50,19.16 3 0
github.com/Shodocan/UserService/internal/database/mongo/migration.go:22.2,26.16 4 0
github.com/Shodocan/UserService/internal/database/mongo/migration.go:30.2,35.12 2 0
github.com/Shodocan/UserService/internal/database/mongo/migration.go:19.16,21.3 1 0
github.com/Shodocan/UserService/internal/database/mongo/migration.go:26.16,28.3 1 0
github.com/Shodocan/UserService/internal/database/mongo/mongo.go:24.88,26.16 2 8
github.com/Shodocan/UserService/internal/database/mongo/mongo.go:30.2,37.16 3 8
github.com/Shodocan/UserService/internal/database/mongo/mongo.go:26.16,29.3 2 0
github.com/Shodocan/UserService/internal/database/mongo/mongo.go:40.28,47.16 4 8
github.com/Shodocan/UserService/internal/database/mongo/mongo.go:50.2,53.32 4 8
github.com/Shodocan/UserService/internal/database/mongo/mongo.go:47.16,49.3 1 0
github.com/Shodocan/UserService/internal/database/mongo/mongo.go:56.34,60.2 3 8
github.com/Shodocan/UserService/internal/database/mongo/mongo.go:62.28,66.2 3 1
github.com/Shodocan/UserService/internal/database/mongo/mongo.go:68.73,75.16 5 16
github.com/Shodocan/UserService/internal/database/mongo/mongo.go:78.2,80.22 2 16
github.com/Shodocan/UserService/internal/database/mongo/mongo.go:75.16,77.3 1 0
github.com/Shodocan/UserService/internal/database/mongo/mongo.go:83.67,89.16 5 3
github.com/Shodocan/UserService/internal/database/mongo/mongo.go:93.2,94.12 2 3
github.com/Shodocan/UserService/internal/database/mongo/mongo.go:89.16,91.3 1 0
github.com/Shodocan/UserService/internal/database/mongo/mongo.go:97.107,109.16 9 5
github.com/Shodocan/UserService/internal/database/mongo/mongo.go:112.2,112.26 1 5
github.com/Shodocan/UserService/internal/database/mongo/mongo.go:109.16,111.3 1 0
github.com/Shodocan/UserService/internal/database/mongo/mongo.go:115.72,122.16 5 3
github.com/Shodocan/UserService/internal/database/mongo/mongo.go:125.2,125.24 1 3
github.com/Shodocan/UserService/internal/database/mongo/mongo.go:122.16,124.3 1 0
github.com/Shodocan/UserService/internal/database/mongo/mongo.go:128.70,135.16 5 1
github.com/Shodocan/UserService/internal/database/mongo/mongo.go:139.2,140.12 2 1
github.com/Shodocan/UserService/internal/database/mongo/mongo.go:135.16,137.3 1 0
github.com/Shodocan/UserService/internal/database/mongo/mongo.go:143.52,149.16 5 16
github.com/Shodocan/UserService/internal/database/mongo/mongo.go:153.2,154.12 2 16
github.com/Shodocan/UserService/internal/database/mongo/mongo.go:149.16,151.3 1 0
github.com/Shodocan/UserService/internal/services/user-service.go:14.89,16.2 1 4
github.com/Shodocan/UserService/internal/services/user-service.go:23.42,25.19 2 9
github.com/Shodocan/UserService/internal/services/user-service.go:29.2,34.15 6 9
github.com/Shodocan/UserService/internal/services/user-service.go:25.19,28.3 2 2
github.com/Shodocan/UserService/internal/services/user-service.go:37.54,39.19 2 1
github.com/Shodocan/UserService/internal/services/user-service.go:43.2,48.15 6 1
github.com/Shodocan/UserService/internal/services/user-service.go:39.19,42.3 2 1
github.com/Shodocan/UserService/internal/services/user-service.go:71.44,80.2 1 16
github.com/Shodocan/UserService/internal/services/user-service.go:82.51,84.27 2 4
github.com/Shodocan/UserService/internal/services/user-service.go:87.2,87.15 1 4
github.com/Shodocan/UserService/internal/services/user-service.go:84.27,86.3 1 6
github.com/Shodocan/UserService/internal/services/user-service.go:90.82,91.12 1 1
github.com/Shodocan/UserService/internal/services/user-service.go:92.20,93.15 1 0
github.com/Shodocan/UserService/internal/services/user-service.go:94.10,95.18 1 1
github.com/Shodocan/UserService/internal/services/user-service.go:99.143,101.33 2 4
github.com/Shodocan/UserService/internal/services/user-service.go:107.2,108.32 2 4
github.com/Shodocan/UserService/internal/services/user-service.go:116.2,117.16 2 4
github.com/Shodocan/UserService/internal/services/user-service.go:121.2,123.16 3 4
github.com/Shodocan/UserService/internal/services/user-service.go:126.2,126.84 1 4
github.com/Shodocan/UserService/internal/services/user-service.go:101.33,102.21 1 1
github.com/Shodocan/UserService/internal/services/user-service.go:102.21,104.4 1 1
github.com/Shodocan/UserService/internal/services/user-service.go:108.32,109.34 1 8
github.com/Shodocan/UserService/internal/services/user-service.go:109.34,111.4 1 1
github.com/Shodocan/UserService/internal/services/user-service.go:111.9,113.4 1 7
github.com/Shodocan/UserService/internal/services/user-service.go:117.16,119.3 1 0
github.com/Shodocan/UserService/internal/services/user-service.go:123.16,125.3 1 0
github.com/Shodocan/UserService/internal/services/user-service.go:129.76,132.16 3 7
github.com/Shodocan/UserService/internal/services/user-service.go:135.2,135.22 1 7
github.com/Shodocan/UserService/internal/services/user-service.go:132.16,134.3 1 0
github.com/Shodocan/UserService/internal/services/user-service.go:138.67,142.2 3 10
github.com/Shodocan/UserService/internal/services/user-service.go:144.87,147.16 3 2
github.com/Shodocan/UserService/internal/services/user-service.go:150.2,150.22 1 2
github.com/Shodocan/UserService/internal/services/user-service.go:147.16,149.3 1 0
github.com/Shodocan/UserService/internal/services/user-service.go:153.94,156.16 3 1
github.com/Shodocan/UserService/internal/services/user-service.go:159.2,159.22 1 1
github.com/Shodocan/UserService/internal/services/user-service.go:156.16,158.3 1 0
github.com/Shodocan/UserService/internal/services/user-service.go:162.54,164.2 1 7
github.com/Shodocan/UserService/internal/database/mongoredis/mongoredis.go:21.88,23.16 2 16
github.com/Shodocan/UserService/internal/database/mongoredis/mongoredis.go:27.2,28.16 2 16
github.com/Shodocan/UserService/internal/database/mongoredis/mongoredis.go:32.2,32.65 1 16
github.com/Shodocan/UserService/internal/database/mongoredis/mongoredis.go:23.16,25.3 1 0
github.com/Shodocan/UserService/internal/database/mongoredis/mongoredis.go:28.16,30.3 1 0
github.com/Shodocan/UserService/internal/database/mongoredis/mongoredis.go:35.34,39.35 3 16
github.com/Shodocan/UserService/internal/database/mongoredis/mongoredis.go:42.2,42.12 1 16
github.com/Shodocan/UserService/internal/database/mongoredis/mongoredis.go:39.35,41.3 1 0
github.com/Shodocan/UserService/internal/database/mongoredis/mongoredis.go:45.28,47.16 2 2
github.com/Shodocan/UserService/internal/database/mongoredis/mongoredis.go:50.2,50.24 1 2
github.com/Shodocan/UserService/internal/database/mongoredis/mongoredis.go:47.16,49.3 1 1
github.com/Shodocan/UserService/internal/database/mongoredis/mongoredis.go:53.73,55.16 2 32
github.com/Shodocan/UserService/internal/database/mongoredis/mongoredis.go:58.2,58.16 1 32
github.com/Shodocan/UserService/internal/database/mongoredis/mongoredis.go:55.16,57.3 1 0
github.com/Shodocan/UserService/internal/database/mongoredis/mongoredis.go:61.67,63.16 2 6
github.com/Shodocan/UserService/internal/database/mongoredis/mongoredis.go:73.2,73.12 1 4
github.com/Shodocan/UserService/internal/database/mongoredis/mongoredis.go:63.16,65.17 2 6
github.com/Shodocan/UserService/internal/database/mongoredis/mongoredis.go:68.3,69.17 2 4
github.com/Shodocan/UserService/internal/database/mongoredis/mongoredis.go:65.17,67.4 1 2
github.com/Shodocan/UserService/internal/database/mongoredis/mongoredis.go:69.17,71.4 1 2
github.com/Shodocan/UserService/internal/database/mongoredis/mongoredis.go:76.107,80.16 3 15
github.com/Shodocan/UserService/internal/database/mongoredis/mongoredis.go:91.2,91.12 1 15
github.com/Shodocan/UserService/internal/database/mongoredis/mongoredis.go:80.16,82.17 2 10
github.com/Shodocan/UserService/internal/database/mongoredis/mongoredis.go:85.3,86.17 2 10
github.com/Shodocan/UserService/internal/database/mongoredis/mongoredis.go:82.17,84.4 1 0
github.com/Shodocan/UserService/internal/database/mongoredis/mongoredis.go:86.17,88.4 1 5
github.com/Shodocan/UserService/internal/database/mongoredis/mongoredis.go:94.72,99.16 4 12
github.com/Shodocan/UserService/internal/database/mongoredis/mongoredis.go:110.2,110.19 1 12
github.com/Shodocan/UserService/internal/database/mongoredis/mongoredis.go:99.16,101.17 2 9
github.com/Shodocan/UserService/internal/database/mongoredis/mongoredis.go:104.3,105.17 2 9
github.com/Shodocan/UserService/internal/database/mongoredis/mongoredis.go:101.17,103.4 1 0
github.com/Shodocan/UserService/internal/database/mongoredis/mongoredis.go:105.17,107.4 1 6
github.com/Shodocan/UserService/internal/database/mongoredis/mongoredis.go:113.70,115.16 2 2
github.com/Shodocan/UserService/internal/database/mongoredis/mongoredis.go:118.2,119.16 2 2
github.com/Shodocan/UserService/internal/database/mongoredis/mongoredis.go:122.2,122.12 1 2
github.com/Shodocan/UserService/internal/database/mongoredis/mongoredis.go:115.16,117.3 1 0
github.com/Shodocan/UserService/internal/database/mongoredis/mongoredis.go:119.16,121.3 1 1
github.com/Shodocan/UserService/internal/database/mongoredis/mongoredis.go:125.52,129.28 3 32
github.com/Shodocan/UserService/internal/database/mongoredis/mongoredis.go:134.2,134.35 1 32
github.com/Shodocan/UserService/internal/database/mongoredis/mongoredis.go:137.2,137.12 1 32
github.com/Shodocan/UserService/internal/database/mongoredis/mongoredis.go:129.28,132.3 1 16
github.com/Shodocan/UserService/internal/database/mongoredis/mongoredis.go:134.35,136.3 1 0
github.com/Shodocan/UserService/internal/database/mongoredis/mongoredis.go:140.95,149.16 3 27
github.com/Shodocan/UserService/internal/database/mongoredis/mongoredis.go:152.2,152.55 1 27
github.com/Shodocan/UserService/internal/database/mongoredis/mongoredis.go:149.16,151.3 1 0
